<?xml version="1.0" encoding="UTF-8"?>
<!-- Generated by org.testng.reporters.JUnitReportReporter -->
<testsuite skipped="0" hostname="prasanna-Latitude-3560" name="com.sample.Driver" tests="2" failures="0" timestamp="17 Nov 2017 10:11:58 GMT" time="0.820" errors="0">
  <testcase name="testCase2" time="0.111" classname="com.sample.Driver"/>
  <testcase name="testCase1" time="0.709" classname="com.sample.Driver"/>
</testsuite> <!-- com.sample.Driver -->
