<?xml version="1.0" encoding="UTF-8"?>
<!-- Generated by org.testng.reporters.JUnitReportReporter -->
<testsuite skipped="0" hostname="prasanna-Latitude-3560" name="Augusta.code.test.TestHomePage.Header_SubHeaderSectionTest" tests="2" failures="0" timestamp="18 Nov 2017 10:14:26 GMT" time="6.185" errors="0">
  <testcase name="homePageSubHeader_BuyerProtectionLinkTest" time="4.624" classname="Augusta.code.test.TestHomePage.Header_SubHeaderSectionTest"/>
  <testcase name="homePageSubHeader_BuyerProtectionTest" time="1.561" classname="Augusta.code.test.TestHomePage.Header_SubHeaderSectionTest"/>
</testsuite> <!-- Augusta.code.test.TestHomePage.Header_SubHeaderSectionTest -->
