<?xml version="1.0" encoding="UTF-8"?>
<!-- Generated by org.testng.reporters.JUnitReportReporter -->
<testsuite skipped="0" hostname="prasanna-Latitude-3560" name="Augusta.code.test.TestHomePage.Header_BrandBannerSectionTest" tests="2" failures="0" timestamp="18 Nov 2017 08:18:57 GMT" time="9.938" errors="0">
  <testcase name="homePageHeader_LogoURLStatusTest" time="3.588" classname="Augusta.code.test.TestHomePage.Header_BrandBannerSectionTest"/>
  <testcase name="homePageHeader_LogoDisplayTest" time="6.350" classname="Augusta.code.test.TestHomePage.Header_BrandBannerSectionTest"/>
</testsuite> <!-- Augusta.code.test.TestHomePage.Header_BrandBannerSectionTest -->
