<?xml version="1.0" encoding="UTF-8"?>
<!-- Generated by org.testng.reporters.JUnitReportReporter -->
<testsuite skipped="0" hostname="prasanna-Latitude-3560" name="Augusta.code.test.TestHomePage.MenClothingPageTest" tests="1" failures="0" timestamp="18 Nov 2017 10:14:26 GMT" time="4.435" errors="0">
  <testcase name="test2" time="4.435" classname="Augusta.code.test.TestHomePage.MenClothingPageTest"/>
</testsuite> <!-- Augusta.code.test.TestHomePage.MenClothingPageTest -->
