<?xml version="1.0" encoding="UTF-8"?>
<!-- Generated by org.testng.reporters.JUnitReportReporter -->
<testsuite skipped="0" hostname="prasanna-Latitude-3560" name="Augusta.code.test.TestHomePage.Header_LogoSectionTest" tests="3" failures="0" timestamp="18 Nov 2017 10:14:26 GMT" time="11.903" errors="0">
  <testcase name="homePageHeader_LogoURLStatusTest" time="2.667" classname="Augusta.code.test.TestHomePage.Header_LogoSectionTest"/>
  <testcase name="homePageHeader_LogoDisplayTest" time="1.567" classname="Augusta.code.test.TestHomePage.Header_LogoSectionTest"/>
  <testcase name="homePageHeader_LogoBottomTextTest" time="7.669" classname="Augusta.code.test.TestHomePage.Header_LogoSectionTest"/>
</testsuite> <!-- Augusta.code.test.TestHomePage.Header_LogoSectionTest -->
